[0.554s] Invoking command in '/home/ohj/mecanum-ros2/build/stella_ahrs': CMAKE_PREFIX_PATH=${CMAKE_PREFIX_PATH}:/home/ohj/mecanum-ros2/install/teleop_keyboard:/home/ohj/mecanum-ros2/install/motor_control:/home/ohj/mecanum-ros2/install/mobile_description:/home/ohj/mecanum-ros2/install/mecanum_odometry:/home/ohj/mecanum-ros2/install/mecanum_cartographer:/home/ohj/mecanum-ros2/install/manipulator:/opt/ros/galactic /usr/bin/cmake --build /home/ohj/mecanum-ros2/build/stella_ahrs -- -j20 -l20
[0.691s] /usr/bin/ld: /home/ohj/mecanum-ros2/src/stella_ahrs/lib/MW_AHRS_aarch64.a(MW_serial.o): Relocations in generic ELF (EM: 183)
[0.691s] /usr/bin/ld: /home/ohj/mecanum-ros2/src/stella_ahrs/lib/MW_AHRS_aarch64.a(MW_serial.o): Relocations in generic ELF (EM: 183)
[0.691s] /usr/bin/ld: /home/ohj/mecanum-ros2/src/stella_ahrs/lib/MW_AHRS_aarch64.a(MW_serial.o): Relocations in generic ELF (EM: 183)
[0.691s] /usr/bin/ld: /home/ohj/mecanum-ros2/src/stella_ahrs/lib/MW_AHRS_aarch64.a(MW_serial.o): Relocations in generic ELF (EM: 183)
[0.691s] /usr/bin/ld: /home/ohj/mecanum-ros2/src/stella_ahrs/lib/MW_AHRS_aarch64.a(MW_serial.o): Relocations in generic ELF (EM: 183)
[0.691s] /usr/bin/ld: /home/ohj/mecanum-ros2/src/stella_ahrs/lib/MW_AHRS_aarch64.a(MW_serial.o): Relocations in generic ELF (EM: 183)
[0.691s] /usr/bin/ld: /home/ohj/mecanum-ros2/src/stella_ahrs/lib/MW_AHRS_aarch64.a(MW_serial.o): Relocations in generic ELF (EM: 183)
[0.691s] /usr/bin/ld: /home/ohj/mecanum-ros2/src/stella_ahrs/lib/MW_AHRS_aarch64.a(MW_serial.o): Relocations in generic ELF (EM: 183)
[0.692s] /usr/bin/ld: /home/ohj/mecanum-ros2/src/stella_ahrs/lib/MW_AHRS_aarch64.a(MW_serial.o): Relocations in generic ELF (EM: 183)
[0.692s] /usr/bin/ld: /home/ohj/mecanum-ros2/src/stella_ahrs/lib/MW_AHRS_aarch64.a: error adding symbols: file in wrong format
[0.692s] collect2: error: ld returned 1 exit status
[0.692s] make[2]: *** [CMakeFiles/stella_ahrs_node.dir/build.make:232: stella_ahrs_node] Error 1
[0.692s] make[1]: *** [CMakeFiles/Makefile2:78: CMakeFiles/stella_ahrs_node.dir/all] Error 2
[0.692s] make: *** [Makefile:141: all] Error 2
[0.692s] [ 16%] [32m[1mLinking CXX executable stella_ahrs_node[0m
[0.697s] Invoked command in '/home/ohj/mecanum-ros2/build/stella_ahrs' returned '2': CMAKE_PREFIX_PATH=${CMAKE_PREFIX_PATH}:/home/ohj/mecanum-ros2/install/teleop_keyboard:/home/ohj/mecanum-ros2/install/motor_control:/home/ohj/mecanum-ros2/install/mobile_description:/home/ohj/mecanum-ros2/install/mecanum_odometry:/home/ohj/mecanum-ros2/install/mecanum_cartographer:/home/ohj/mecanum-ros2/install/manipulator:/opt/ros/galactic /usr/bin/cmake --build /home/ohj/mecanum-ros2/build/stella_ahrs -- -j20 -l20
