[0.000000] (-) TimerEvent: {}
[0.000412] (mobile_description) JobQueued: {'identifier': 'mobile_description', 'dependencies': OrderedDict()}
[0.000556] (motor_control) JobQueued: {'identifier': 'motor_control', 'dependencies': OrderedDict()}
[0.000673] (stella_ahrs) JobQueued: {'identifier': 'stella_ahrs', 'dependencies': OrderedDict()}
[0.000772] (teleop_keyboard) JobQueued: {'identifier': 'teleop_keyboard', 'dependencies': OrderedDict()}
[0.004340] (mobile_description) JobStarted: {'identifier': 'mobile_description'}
[0.070445] (motor_control) JobStarted: {'identifier': 'motor_control'}
[0.098722] (-) TimerEvent: {}
[0.125777] (stella_ahrs) JobStarted: {'identifier': 'stella_ahrs'}
[0.169915] (teleop_keyboard) JobStarted: {'identifier': 'teleop_keyboard'}
[0.200637] (-) TimerEvent: {}
[0.305777] (-) TimerEvent: {}
[0.406778] (-) TimerEvent: {}
[0.507577] (-) TimerEvent: {}
[0.608347] (-) TimerEvent: {}
[0.709010] (-) TimerEvent: {}
[0.809665] (-) TimerEvent: {}
[0.910357] (-) TimerEvent: {}
[1.011053] (-) TimerEvent: {}
[1.111855] (-) TimerEvent: {}
[1.212601] (-) TimerEvent: {}
[1.313278] (-) TimerEvent: {}
[1.413960] (-) TimerEvent: {}
[1.514733] (-) TimerEvent: {}
[1.615976] (-) TimerEvent: {}
[1.720450] (-) TimerEvent: {}
[1.821407] (-) TimerEvent: {}
[1.922124] (-) TimerEvent: {}
[2.022826] (-) TimerEvent: {}
[2.123535] (-) TimerEvent: {}
[2.224238] (-) TimerEvent: {}
[2.324940] (-) TimerEvent: {}
[2.425580] (-) TimerEvent: {}
[2.526287] (-) TimerEvent: {}
[2.627007] (-) TimerEvent: {}
[8.186017] (stella_ahrs) JobProgress: {'identifier': 'stella_ahrs', 'progress': 'cmake'}
[8.186350] (-) TimerEvent: {}
[8.189115] (stella_ahrs) JobProgress: {'identifier': 'stella_ahrs', 'progress': 'build'}
[8.192704] (stella_ahrs) Command: {'cmd': ['/usr/bin/cmake', '--build', '/home/jetson/mecanum-ros2/build/stella_ahrs', '--', '-j4', '-l4'], 'cwd': '/home/jetson/mecanum-ros2/build/stella_ahrs', 'env': OrderedDict([('GJS_DEBUG_TOPICS', 'JS ERROR;JS LOG'), ('JETSON_BOARD', 'P3449-0000'), ('LESSOPEN', '| /usr/bin/lesspipe %s'), ('JETSON_TYPE', 'Nano (Developer Kit Version)'), ('USER', 'jetson'), ('LC_TIME', 'nl_NL.UTF-8'), ('JETSON_CUDA', '10.2.300'), ('SSH_AGENT_PID', '7715'), ('XDG_SESSION_TYPE', 'x11'), ('SHLVL', '1'), ('LD_LIBRARY_PATH', '/opt/ros/galactic/opt/yaml_cpp_vendor/lib:/opt/ros/galactic/opt/rviz_ogre_vendor/lib:/opt/ros/galactic/lib/aarch64-linux-gnu:/opt/ros/galactic/lib'), ('HOME', '/home/jetson'), ('OLDPWD', '/home/jetson'), ('DESKTOP_SESSION', 'ubuntu'), ('JETSON_TENSORRT', '8.0.1.6'), ('JETSON_L4T', '32.6.1'), ('ROS_PYTHON_VERSION', '3'), ('GNOME_SHELL_SESSION_MODE', 'ubuntu'), ('GTK_MODULES', 'gail:atk-bridge'), ('LC_MONETARY', 'nl_NL.UTF-8'), ('MANAGERPID', '7303'), ('JETSON_OPENCV_CUDA', 'YES'), ('JETSON_VISIONWORKS', '1.6.0.501'), ('DBUS_SESSION_BUS_ADDRESS', 'unix:path=/run/user/1000/bus'), ('COLORTERM', 'truecolor'), ('JETSON_CHIP_ID', '33'), ('MANDATORY_PATH', '/usr/share/gconf/ubuntu.mandatory.path'), ('IM_CONFIG_PHASE', '1'), ('COLCON_PREFIX_PATH', '/home/jetson/mecanum-ros2/install'), ('ROS_DISTRO', 'galactic'), ('LOGNAME', 'jetson'), ('JETSON_MODULE', 'P3448-0000'), ('JETSON_SERIAL_NUMBER', '1424622013938'), ('JETSON_CUDNN', '8.2.1.32'), ('JOURNAL_STREAM', '8:40314'), ('_', '/usr/bin/colcon'), ('ROS_VERSION', '2'), ('JETSON_CODENAME', 'porg'), ('XDG_SESSION_CLASS', 'user'), ('DEFAULTS_PATH', '/usr/share/gconf/ubuntu.default.path'), ('USERNAME', 'jetson'), ('TERM', 'xterm-256color'), ('GNOME_DESKTOP_SESSION_ID', 'this-is-deprecated'), ('ROS_LOCALHOST_ONLY', '0'), ('WINDOWPATH', '2'), ('PATH', '/opt/ros/galactic/bin:/home/jetson/.local/bin:/usr/local/sbin:/usr/local/bin:/usr/sbin:/usr/bin:/sbin:/bin:/usr/games:/usr/local/games:/snap/bin'), ('SESSION_MANAGER', 'local/nano:@/tmp/.ICE-unix/7751,unix/nano:/tmp/.ICE-unix/7751'), ('INVOCATION_ID', '51e1d4efbb1c40d2bd71256151849deb'), ('JETSON_OPENCV', '4.6.0'), ('XDG_MENU_PREFIX', 'gnome-'), ('LC_ADDRESS', 'nl_NL.UTF-8'), ('GNOME_TERMINAL_SCREEN', '/org/gnome/Terminal/screen/f097453b_a37d_442f_80df_7e750d737038'), ('XDG_RUNTIME_DIR', '/run/user/1000'), ('DISPLAY', ':0'), ('JETSON_MACHINE', 'NVIDIA Jetson Nano (Developer Kit Version)'), ('LANG', 'en_US.UTF-8'), ('XDG_CURRENT_DESKTOP', 'ubuntu:GNOME'), ('LC_TELEPHONE', 'nl_NL.UTF-8'), ('JETSON_L4T_REVISION', '6.1'), ('XMODIFIERS', '@im=ibus'), ('XDG_SESSION_DESKTOP', 'ubuntu'), ('XAUTHORITY', '/run/user/1000/gdm/Xauthority'), ('LS_COLORS', 'rs=0:di=01;34:ln=01;36:mh=00:pi=40;33:so=01;35:do=01;35:bd=40;33;01:cd=40;33;01:or=40;31;01:mi=00:su=37;41:sg=30;43:ca=30;41:tw=30;42:ow=34;42:st=37;44:ex=01;32:*.tar=01;31:*.tgz=01;31:*.arc=01;31:*.arj=01;31:*.taz=01;31:*.lha=01;31:*.lz4=01;31:*.lzh=01;31:*.lzma=01;31:*.tlz=01;31:*.txz=01;31:*.tzo=01;31:*.t7z=01;31:*.zip=01;31:*.z=01;31:*.dz=01;31:*.gz=01;31:*.lrz=01;31:*.lz=01;31:*.lzo=01;31:*.xz=01;31:*.zst=01;31:*.tzst=01;31:*.bz2=01;31:*.bz=01;31:*.tbz=01;31:*.tbz2=01;31:*.tz=01;31:*.deb=01;31:*.rpm=01;31:*.jar=01;31:*.war=01;31:*.ear=01;31:*.sar=01;31:*.rar=01;31:*.alz=01;31:*.ace=01;31:*.zoo=01;31:*.cpio=01;31:*.7z=01;31:*.rz=01;31:*.cab=01;31:*.wim=01;31:*.swm=01;31:*.dwm=01;31:*.esd=01;31:*.jpg=01;35:*.jpeg=01;35:*.mjpg=01;35:*.mjpeg=01;35:*.gif=01;35:*.bmp=01;35:*.pbm=01;35:*.pgm=01;35:*.ppm=01;35:*.tga=01;35:*.xbm=01;35:*.xpm=01;35:*.tif=01;35:*.tiff=01;35:*.png=01;35:*.svg=01;35:*.svgz=01;35:*.mng=01;35:*.pcx=01;35:*.mov=01;35:*.mpg=01;35:*.mpeg=01;35:*.m2v=01;35:*.mkv=01;35:*.webm=01;35:*.ogm=01;35:*.mp4=01;35:*.m4v=01;35:*.mp4v=01;35:*.vob=01;35:*.qt=01;35:*.nuv=01;35:*.wmv=01;35:*.asf=01;35:*.rm=01;35:*.rmvb=01;35:*.flc=01;35:*.avi=01;35:*.fli=01;35:*.flv=01;35:*.gl=01;35:*.dl=01;35:*.xcf=01;35:*.xwd=01;35:*.yuv=01;35:*.cgm=01;35:*.emf=01;35:*.ogv=01;35:*.ogx=01;35:*.aac=00;36:*.au=00;36:*.flac=00;36:*.m4a=00;36:*.mid=00;36:*.midi=00;36:*.mka=00;36:*.mp3=00;36:*.mpc=00;36:*.ogg=00;36:*.ra=00;36:*.wav=00;36:*.oga=00;36:*.opus=00;36:*.spx=00;36:*.xspf=00;36:'), ('JETSON_SOC', 'tegra210'), ('GNOME_TERMINAL_SERVICE', ':1.98'), ('SSH_AUTH_SOCK', '/run/user/1000/keyring/ssh'), ('ROS_DOMAIN_ID', '1'), ('AMENT_PREFIX_PATH', '/home/jetson/mecanum-ros2/install/teleop_keyboard:/home/jetson/mecanum-ros2/install/motor_control:/home/jetson/mecanum-ros2/install/mecanum_description:/opt/ros/galactic'), ('SHELL', '/bin/bash'), ('LC_NAME', 'nl_NL.UTF-8'), ('QT_ACCESSIBILITY', '1'), ('GDMSESSION', 'ubuntu'), ('LESSCLOSE', '/usr/bin/lesspipe %s %s'), ('JETSON_BOARDIDS', '3448'), ('LC_MEASUREMENT', 'nl_NL.UTF-8'), ('GPG_AGENT_INFO', '/run/user/1000/gnupg/S.gpg-agent:0:1'), ('GJS_DEBUG_OUTPUT', 'stderr'), ('LC_IDENTIFICATION', 'nl_NL.UTF-8'), ('JETSON_L4T_RELEASE', '32'), ('JETSON_VULKAN_INFO', '1.2.141'), ('QT_IM_MODULE', 'ibus'), ('JETSON_CUDA_ARCH_BIN', '5.3'), ('PWD', '/home/jetson/mecanum-ros2/build/stella_ahrs'), ('LC_ALL', 'en_US.UTF-8'), ('XDG_CONFIG_DIRS', '/etc/xdg/xdg-ubuntu:/etc/xdg'), ('XDG_DATA_DIRS', '/usr/share/ubuntu:/usr/local/share/:/usr/share/:/var/lib/snapd/desktop'), ('JETSON_VPI', 'ii libnvvpi1 1.1.15 arm64 NVIDIA Vision Programming Interface library'), ('PYTHONPATH', '/home/jetson/mecanum-ros2/install/teleop_keyboard/lib/python3.8/site-packages:/home/jetson/mecanum-ros2/install/motor_control/lib/python3.8/site-packages:/opt/ros/galactic/lib/python3.8/site-packages'), ('LC_NUMERIC', 'nl_NL.UTF-8'), ('LC_PAPER', 'nl_NL.UTF-8'), ('COLCON', '1'), ('VTE_VERSION', '6003'), ('JETSON_JETPACK', '4.6'), ('CMAKE_PREFIX_PATH', '/home/jetson/mecanum-ros2/install/mecanum_description:/home/jetson/mecanum-ros2/install/teleop_keyboard:/home/jetson/mecanum-ros2/install/motor_control:/opt/ros/galactic')]), 'shell': False}
[8.286660] (-) TimerEvent: {}
[8.387751] (-) TimerEvent: {}
[8.488401] (-) TimerEvent: {}
[8.589152] (-) TimerEvent: {}
[8.689844] (-) TimerEvent: {}
[8.790545] (-) TimerEvent: {}
[8.891243] (-) TimerEvent: {}
[8.992256] (-) TimerEvent: {}
[9.092903] (-) TimerEvent: {}
[9.193618] (-) TimerEvent: {}
[9.294321] (-) TimerEvent: {}
[9.395018] (-) TimerEvent: {}
[9.495826] (-) TimerEvent: {}
[9.578334] (stella_ahrs) StdoutLine: {'line': b'[100%] Built target stella_ahrs_node\n'}
[9.583205] (stella_ahrs) CommandEnded: {'returncode': 0}
[9.597165] (-) TimerEvent: {}
[9.698488] (-) TimerEvent: {}
[9.708106] (stella_ahrs) JobProgress: {'identifier': 'stella_ahrs', 'progress': 'install'}
[9.751138] (stella_ahrs) Command: {'cmd': ['/usr/bin/cmake', '--install', '/home/jetson/mecanum-ros2/build/stella_ahrs'], 'cwd': '/home/jetson/mecanum-ros2/build/stella_ahrs', 'env': OrderedDict([('GJS_DEBUG_TOPICS', 'JS ERROR;JS LOG'), ('JETSON_BOARD', 'P3449-0000'), ('LESSOPEN', '| /usr/bin/lesspipe %s'), ('JETSON_TYPE', 'Nano (Developer Kit Version)'), ('USER', 'jetson'), ('LC_TIME', 'nl_NL.UTF-8'), ('JETSON_CUDA', '10.2.300'), ('SSH_AGENT_PID', '7715'), ('XDG_SESSION_TYPE', 'x11'), ('SHLVL', '1'), ('LD_LIBRARY_PATH', '/opt/ros/galactic/opt/yaml_cpp_vendor/lib:/opt/ros/galactic/opt/rviz_ogre_vendor/lib:/opt/ros/galactic/lib/aarch64-linux-gnu:/opt/ros/galactic/lib'), ('HOME', '/home/jetson'), ('OLDPWD', '/home/jetson'), ('DESKTOP_SESSION', 'ubuntu'), ('JETSON_TENSORRT', '8.0.1.6'), ('JETSON_L4T', '32.6.1'), ('ROS_PYTHON_VERSION', '3'), ('GNOME_SHELL_SESSION_MODE', 'ubuntu'), ('GTK_MODULES', 'gail:atk-bridge'), ('LC_MONETARY', 'nl_NL.UTF-8'), ('MANAGERPID', '7303'), ('JETSON_OPENCV_CUDA', 'YES'), ('JETSON_VISIONWORKS', '1.6.0.501'), ('DBUS_SESSION_BUS_ADDRESS', 'unix:path=/run/user/1000/bus'), ('COLORTERM', 'truecolor'), ('JETSON_CHIP_ID', '33'), ('MANDATORY_PATH', '/usr/share/gconf/ubuntu.mandatory.path'), ('IM_CONFIG_PHASE', '1'), ('COLCON_PREFIX_PATH', '/home/jetson/mecanum-ros2/install'), ('ROS_DISTRO', 'galactic'), ('LOGNAME', 'jetson'), ('JETSON_MODULE', 'P3448-0000'), ('JETSON_SERIAL_NUMBER', '1424622013938'), ('JETSON_CUDNN', '8.2.1.32'), ('JOURNAL_STREAM', '8:40314'), ('_', '/usr/bin/colcon'), ('ROS_VERSION', '2'), ('JETSON_CODENAME', 'porg'), ('XDG_SESSION_CLASS', 'user'), ('DEFAULTS_PATH', '/usr/share/gconf/ubuntu.default.path'), ('USERNAME', 'jetson'), ('TERM', 'xterm-256color'), ('GNOME_DESKTOP_SESSION_ID', 'this-is-deprecated'), ('ROS_LOCALHOST_ONLY', '0'), ('WINDOWPATH', '2'), ('PATH', '/opt/ros/galactic/bin:/home/jetson/.local/bin:/usr/local/sbin:/usr/local/bin:/usr/sbin:/usr/bin:/sbin:/bin:/usr/games:/usr/local/games:/snap/bin'), ('SESSION_MANAGER', 'local/nano:@/tmp/.ICE-unix/7751,unix/nano:/tmp/.ICE-unix/7751'), ('INVOCATION_ID', '51e1d4efbb1c40d2bd71256151849deb'), ('JETSON_OPENCV', '4.6.0'), ('XDG_MENU_PREFIX', 'gnome-'), ('LC_ADDRESS', 'nl_NL.UTF-8'), ('GNOME_TERMINAL_SCREEN', '/org/gnome/Terminal/screen/f097453b_a37d_442f_80df_7e750d737038'), ('XDG_RUNTIME_DIR', '/run/user/1000'), ('DISPLAY', ':0'), ('JETSON_MACHINE', 'NVIDIA Jetson Nano (Developer Kit Version)'), ('LANG', 'en_US.UTF-8'), ('XDG_CURRENT_DESKTOP', 'ubuntu:GNOME'), ('LC_TELEPHONE', 'nl_NL.UTF-8'), ('JETSON_L4T_REVISION', '6.1'), ('XMODIFIERS', '@im=ibus'), ('XDG_SESSION_DESKTOP', 'ubuntu'), ('XAUTHORITY', '/run/user/1000/gdm/Xauthority'), ('LS_COLORS', 'rs=0:di=01;34:ln=01;36:mh=00:pi=40;33:so=01;35:do=01;35:bd=40;33;01:cd=40;33;01:or=40;31;01:mi=00:su=37;41:sg=30;43:ca=30;41:tw=30;42:ow=34;42:st=37;44:ex=01;32:*.tar=01;31:*.tgz=01;31:*.arc=01;31:*.arj=01;31:*.taz=01;31:*.lha=01;31:*.lz4=01;31:*.lzh=01;31:*.lzma=01;31:*.tlz=01;31:*.txz=01;31:*.tzo=01;31:*.t7z=01;31:*.zip=01;31:*.z=01;31:*.dz=01;31:*.gz=01;31:*.lrz=01;31:*.lz=01;31:*.lzo=01;31:*.xz=01;31:*.zst=01;31:*.tzst=01;31:*.bz2=01;31:*.bz=01;31:*.tbz=01;31:*.tbz2=01;31:*.tz=01;31:*.deb=01;31:*.rpm=01;31:*.jar=01;31:*.war=01;31:*.ear=01;31:*.sar=01;31:*.rar=01;31:*.alz=01;31:*.ace=01;31:*.zoo=01;31:*.cpio=01;31:*.7z=01;31:*.rz=01;31:*.cab=01;31:*.wim=01;31:*.swm=01;31:*.dwm=01;31:*.esd=01;31:*.jpg=01;35:*.jpeg=01;35:*.mjpg=01;35:*.mjpeg=01;35:*.gif=01;35:*.bmp=01;35:*.pbm=01;35:*.pgm=01;35:*.ppm=01;35:*.tga=01;35:*.xbm=01;35:*.xpm=01;35:*.tif=01;35:*.tiff=01;35:*.png=01;35:*.svg=01;35:*.svgz=01;35:*.mng=01;35:*.pcx=01;35:*.mov=01;35:*.mpg=01;35:*.mpeg=01;35:*.m2v=01;35:*.mkv=01;35:*.webm=01;35:*.ogm=01;35:*.mp4=01;35:*.m4v=01;35:*.mp4v=01;35:*.vob=01;35:*.qt=01;35:*.nuv=01;35:*.wmv=01;35:*.asf=01;35:*.rm=01;35:*.rmvb=01;35:*.flc=01;35:*.avi=01;35:*.fli=01;35:*.flv=01;35:*.gl=01;35:*.dl=01;35:*.xcf=01;35:*.xwd=01;35:*.yuv=01;35:*.cgm=01;35:*.emf=01;35:*.ogv=01;35:*.ogx=01;35:*.aac=00;36:*.au=00;36:*.flac=00;36:*.m4a=00;36:*.mid=00;36:*.midi=00;36:*.mka=00;36:*.mp3=00;36:*.mpc=00;36:*.ogg=00;36:*.ra=00;36:*.wav=00;36:*.oga=00;36:*.opus=00;36:*.spx=00;36:*.xspf=00;36:'), ('JETSON_SOC', 'tegra210'), ('GNOME_TERMINAL_SERVICE', ':1.98'), ('SSH_AUTH_SOCK', '/run/user/1000/keyring/ssh'), ('ROS_DOMAIN_ID', '1'), ('AMENT_PREFIX_PATH', '/home/jetson/mecanum-ros2/install/teleop_keyboard:/home/jetson/mecanum-ros2/install/motor_control:/home/jetson/mecanum-ros2/install/mecanum_description:/opt/ros/galactic'), ('SHELL', '/bin/bash'), ('LC_NAME', 'nl_NL.UTF-8'), ('QT_ACCESSIBILITY', '1'), ('GDMSESSION', 'ubuntu'), ('LESSCLOSE', '/usr/bin/lesspipe %s %s'), ('JETSON_BOARDIDS', '3448'), ('LC_MEASUREMENT', 'nl_NL.UTF-8'), ('GPG_AGENT_INFO', '/run/user/1000/gnupg/S.gpg-agent:0:1'), ('GJS_DEBUG_OUTPUT', 'stderr'), ('LC_IDENTIFICATION', 'nl_NL.UTF-8'), ('JETSON_L4T_RELEASE', '32'), ('JETSON_VULKAN_INFO', '1.2.141'), ('QT_IM_MODULE', 'ibus'), ('JETSON_CUDA_ARCH_BIN', '5.3'), ('PWD', '/home/jetson/mecanum-ros2/build/stella_ahrs'), ('LC_ALL', 'en_US.UTF-8'), ('XDG_CONFIG_DIRS', '/etc/xdg/xdg-ubuntu:/etc/xdg'), ('XDG_DATA_DIRS', '/usr/share/ubuntu:/usr/local/share/:/usr/share/:/var/lib/snapd/desktop'), ('JETSON_VPI', 'ii libnvvpi1 1.1.15 arm64 NVIDIA Vision Programming Interface library'), ('PYTHONPATH', '/home/jetson/mecanum-ros2/install/teleop_keyboard/lib/python3.8/site-packages:/home/jetson/mecanum-ros2/install/motor_control/lib/python3.8/site-packages:/opt/ros/galactic/lib/python3.8/site-packages'), ('LC_NUMERIC', 'nl_NL.UTF-8'), ('LC_PAPER', 'nl_NL.UTF-8'), ('COLCON', '1'), ('VTE_VERSION', '6003'), ('JETSON_JETPACK', '4.6'), ('CMAKE_PREFIX_PATH', '/home/jetson/mecanum-ros2/install/mecanum_description:/home/jetson/mecanum-ros2/install/teleop_keyboard:/home/jetson/mecanum-ros2/install/motor_control:/opt/ros/galactic')]), 'shell': False}
[9.794554] (stella_ahrs) StdoutLine: {'line': b'-- Install configuration: ""\n'}
[9.796018] (stella_ahrs) StdoutLine: {'line': b'-- Up-to-date: /home/jetson/mecanum-ros2/install/stella_ahrs/share/stella_ahrs//launch\n'}
[9.796571] (stella_ahrs) StdoutLine: {'line': b'-- Up-to-date: /home/jetson/mecanum-ros2/install/stella_ahrs/share/stella_ahrs//launch/stella_ahrs_launch.py\n'}
[9.797058] (stella_ahrs) StdoutLine: {'line': b'-- Up-to-date: /home/jetson/mecanum-ros2/install/stella_ahrs/share/stella_ahrs/rviz\n'}
[9.797495] (stella_ahrs) StdoutLine: {'line': b'-- Up-to-date: /home/jetson/mecanum-ros2/install/stella_ahrs/share/stella_ahrs/rviz/imu_test.rviz\n'}
[9.798196] (stella_ahrs) StdoutLine: {'line': b'-- Up-to-date: /home/jetson/mecanum-ros2/install/stella_ahrs/lib/stella_ahrs/stella_ahrs_node\n'}
[9.798725] (-) TimerEvent: {}
[9.799990] (stella_ahrs) StdoutLine: {'line': b'-- Up-to-date: /home/jetson/mecanum-ros2/install/stella_ahrs/share/ament_index/resource_index/package_run_dependencies/stella_ahrs\n'}
[9.801088] (stella_ahrs) StdoutLine: {'line': b'-- Up-to-date: /home/jetson/mecanum-ros2/install/stella_ahrs/share/ament_index/resource_index/parent_prefix_path/stella_ahrs\n'}
[9.801697] (stella_ahrs) StdoutLine: {'line': b'-- Up-to-date: /home/jetson/mecanum-ros2/install/stella_ahrs/share/stella_ahrs/environment/ament_prefix_path.sh\n'}
[9.804887] (stella_ahrs) StdoutLine: {'line': b'-- Up-to-date: /home/jetson/mecanum-ros2/install/stella_ahrs/share/stella_ahrs/environment/ament_prefix_path.dsv\n'}
[9.805453] (stella_ahrs) StdoutLine: {'line': b'-- Up-to-date: /home/jetson/mecanum-ros2/install/stella_ahrs/share/stella_ahrs/environment/path.sh\n'}
[9.805904] (stella_ahrs) StdoutLine: {'line': b'-- Up-to-date: /home/jetson/mecanum-ros2/install/stella_ahrs/share/stella_ahrs/environment/path.dsv\n'}
[9.806358] (stella_ahrs) StdoutLine: {'line': b'-- Up-to-date: /home/jetson/mecanum-ros2/install/stella_ahrs/share/stella_ahrs/local_setup.bash\n'}
[9.806839] (stella_ahrs) StdoutLine: {'line': b'-- Up-to-date: /home/jetson/mecanum-ros2/install/stella_ahrs/share/stella_ahrs/local_setup.sh\n'}
[9.807334] (stella_ahrs) StdoutLine: {'line': b'-- Up-to-date: /home/jetson/mecanum-ros2/install/stella_ahrs/share/stella_ahrs/local_setup.zsh\n'}
[9.807905] (stella_ahrs) StdoutLine: {'line': b'-- Up-to-date: /home/jetson/mecanum-ros2/install/stella_ahrs/share/stella_ahrs/local_setup.dsv\n'}
[9.808373] (stella_ahrs) StdoutLine: {'line': b'-- Installing: /home/jetson/mecanum-ros2/install/stella_ahrs/share/stella_ahrs/package.dsv\n'}
[9.808830] (stella_ahrs) StdoutLine: {'line': b'-- Up-to-date: /home/jetson/mecanum-ros2/install/stella_ahrs/share/ament_index/resource_index/packages/stella_ahrs\n'}
[9.826155] (stella_ahrs) StdoutLine: {'line': b'-- Up-to-date: /home/jetson/mecanum-ros2/install/stella_ahrs/share/stella_ahrs/cmake/ament_cmake_export_include_directories-extras.cmake\n'}
[9.826648] (stella_ahrs) StdoutLine: {'line': b'-- Up-to-date: /home/jetson/mecanum-ros2/install/stella_ahrs/share/stella_ahrs/cmake/stella_ahrsConfig.cmake\n'}
[9.827094] (stella_ahrs) StdoutLine: {'line': b'-- Up-to-date: /home/jetson/mecanum-ros2/install/stella_ahrs/share/stella_ahrs/cmake/stella_ahrsConfig-version.cmake\n'}
[9.827618] (stella_ahrs) StdoutLine: {'line': b'-- Up-to-date: /home/jetson/mecanum-ros2/install/stella_ahrs/share/stella_ahrs/package.xml\n'}
[9.828091] (stella_ahrs) CommandEnded: {'returncode': 0}
[9.900684] (-) TimerEvent: {}
[10.001715] (-) TimerEvent: {}
[10.108013] (-) TimerEvent: {}
[10.125467] (stella_ahrs) JobEnded: {'identifier': 'stella_ahrs', 'rc': 0}
[10.208175] (-) TimerEvent: {}
[10.309120] (-) TimerEvent: {}
[10.410071] (-) TimerEvent: {}
[10.511005] (-) TimerEvent: {}
[10.612091] (-) TimerEvent: {}
[10.713098] (-) TimerEvent: {}
[10.814087] (-) TimerEvent: {}
[10.915312] (-) TimerEvent: {}
[11.016162] (-) TimerEvent: {}
[11.116864] (-) TimerEvent: {}
[11.217576] (-) TimerEvent: {}
[11.318384] (-) TimerEvent: {}
[11.419223] (-) TimerEvent: {}
[11.520230] (-) TimerEvent: {}
[11.528494] (mobile_description) StderrLine: {'line': b'Traceback (most recent call last):\n  File "/usr/lib/python3/dist-packages/colcon_parallel_executor/executor/parallel.py", line 67, in execute\n    loop.run_until_complete(future)\n  File "/usr/lib/python3.8/asyncio/base_events.py", line 603, in run_until_complete\n    self.run_forever()\n  File "/usr/lib/python3.8/asyncio/base_events.py", line 570, in run_forever\n    self._run_once()\n  File "/usr/lib/python3.8/asyncio/base_events.py", line 1823, in _run_once\n    event_list = self._selector.select(timeout)\n  File "/usr/lib/python3.8/selectors.py", line 468, in select\n    fd_event_list = self._selector.poll(timeout, max_ev)\nKeyboardInterrupt\n\nDuring handling of the above exception, another exception occurred:\n\nTraceback (most recent call last):\n  File "/usr/lib/python3/dist-packages/colcon_core/executor/__init__.py", line 91, in __call__\n    rc = await self.task(*args, **kwargs)\n  File "/usr/lib/python3/dist-packages/colcon_core/task/__init__.py", line 93, in __call__\n    return await task_method(*args, **kwargs)\n  File "/usr/lib/python3/dist-packages/colcon_ros/task/ament_python/build.py", line 105, in build\n    return await extension.build(additional_hooks=additional_hooks)\n  File "/usr/lib/python3/dist-packages/colcon_core/task/python/build.py", line 81, in build\n    available_commands = await self._get_available_commands(\n  File "/usr/lib/python3/dist-packages/colcon_core/task/python/build.py", line 171, in _get_available_commands\n    output = await check_output(\n  File "/usr/lib/python3/dist-packages/colcon_core/subprocess.py", line 128, in check_output\n    assert not rc, f\'Expected {args} to pass: {stderr_data}\'\nAssertionError: Expected [\'/usr/bin/python3\', \'setup.py\', \'--help-commands\'] to pass: /usr/local/lib/python3.8/dist-packages/setuptools/dist.py:717: UserWarning: Usage of dash-separated \'script-dir\' will not be supported in future versions. Please use the underscore name \'script_dir\' instead\n  warnings.warn(\nTraceback (most recent call last):\n  File "setup.py", line 7, in <module>\n    setup(\n  File "/usr/local/lib/python3.8/dist-packages/setuptools/__init__.py", line 153, in setup\n    return distutils.core.setup(**attrs)\n  File "/usr/lib/python3.8/distutils/core.py", line 134, in setup\n    ok = dist.parse_command_line()\n  File "/usr/lib/python3.8/distutils/dist.py", line 480, in parse_command_line\n    if self.handle_display_options(option_order):\n  File "/usr/local/lib/python3.8/dist-packages/setuptools/dist.py", line 1120, in handle_display_options\n    return _Distribution.handle_display_options(self, option_order)\n  File "/usr/lib/python3.8/distutils/dist.py", line 683, in handle_display_options\n    self.print_commands()\n  File "/usr/local/lib/python3.8/dist-packages/setuptools/dist.py", line 896, in print_commands\n    cmdclass = ep.resolve()\n  File "/usr/local/lib/python3.8/dist-packages/pkg_resources/__init__.py", line 2456, in resolve\n    module = __import__(self.module_name, fromlist=[\'__name__\'], level=0)\n  File "<frozen importlib._bootstrap>", line 991, in _find_and_load\n  File "<frozen importlib._bootstrap>", line 975, in _find_and_load_unlocked\n  File "<frozen importlib._bootstrap>", line 671, in _load_unlocked\n  File "<frozen importlib._bootstrap_external>", line 844, in exec_module\n  File "<frozen importlib._bootstrap_external>", line 939, in get_code\n  File "<frozen importlib._bootstrap_external>", line 1037, in get_data\nKeyboardInterrupt\n\n'}
[11.532688] (mobile_description) JobEnded: {'identifier': 'mobile_description', 'rc': 'SIGINT'}
[11.533950] (teleop_keyboard) JobEnded: {'identifier': 'teleop_keyboard', 'rc': 'SIGINT'}
[11.534861] (motor_control) JobEnded: {'identifier': 'motor_control', 'rc': 'SIGINT'}
[11.543634] (-) EventReactorShutdown: {}
