[1.001s] Invoking command in '/home/ohj/mecanum-ros2/build/ydlidar_ros2_driver': CMAKE_PREFIX_PATH=${CMAKE_PREFIX_PATH}:/home/ohj/navigation2/install/nav2_simple_commander:/home/ohj/navigation2/install/nav2_gazebo_spawner:/home/ohj/mecanum-ros2/install/tomato_detection:/home/ohj/mecanum-ros2/install/teleop_keyboard:/home/ohj/mecanum-ros2/install/motor_control:/home/ohj/mecanum-ros2/install/mobile_description:/home/ohj/mecanum-ros2/install/mecanum_odometry:/home/ohj/mecanum-ros2/install/mecanum_cartographer:/home/ohj/mecanum-ros2/install/manipulator:/opt/ros/galactic /home/ohj/.local/bin/cmake /home/ohj/mecanum-ros2/src/ydlidar_ros2_driver -DCMAKE_INSTALL_PREFIX=/home/ohj/mecanum-ros2/install/ydlidar_ros2_driver
[1.082s] -- The C compiler identification is GNU 9.4.0
[1.160s] -- The CXX compiler identification is GNU 9.4.0
[1.175s] -- Detecting C compiler ABI info
[1.263s] -- Detecting C compiler ABI info - done
[1.281s] -- Check for working C compiler: /usr/bin/cc - skipped
[1.281s] -- Detecting C compile features
[1.282s] -- Detecting C compile features - done
[1.287s] -- Detecting CXX compiler ABI info
[1.378s] -- Detecting CXX compiler ABI info - done
[1.395s] -- Check for working CXX compiler: /usr/bin/c++ - skipped
[1.395s] -- Detecting CXX compile features
[1.396s] -- Detecting CXX compile features - done
[1.403s] -- Found ament_cmake: 1.1.6 (/opt/ros/galactic/share/ament_cmake/cmake)
[1.450s] -- Found PythonInterp: /usr/bin/python3 (found suitable version "3.8.10", minimum required is "3") 
[1.450s] -- Using PYTHON_EXECUTABLE: /usr/bin/python3
[1.608s] -- Found rclcpp: 9.2.2 (/opt/ros/galactic/share/rclcpp/cmake)
[1.687s] -- Using all available rosidl_typesupport_c: rosidl_typesupport_fastrtps_c;rosidl_typesupport_introspection_c
[1.703s] -- Found rosidl_adapter: 2.2.3 (/opt/ros/galactic/share/rosidl_adapter/cmake)
[1.867s] -- Found OpenSSL: /usr/lib/x86_64-linux-gnu/libcrypto.so (found version "1.1.1f")  
[1.919s] -- Found FastRTPS: /opt/ros/galactic/include  
[2.041s] -- Using all available rosidl_typesupport_cpp: rosidl_typesupport_fastrtps_cpp;rosidl_typesupport_introspection_cpp
[2.115s] -- Found rmw_implementation_cmake: 3.3.1 (/opt/ros/galactic/share/rmw_implementation_cmake/cmake)
[2.119s] -- Found rmw_cyclonedds_cpp: 0.22.6 (/opt/ros/galactic/share/rmw_cyclonedds_cpp/cmake)
[2.134s] -- Using RMW implementation 'rmw_cyclonedds_cpp' as default
[2.134s] -- Performing Test CMAKE_HAVE_LIBC_PTHREAD
[2.175s] -- Performing Test CMAKE_HAVE_LIBC_PTHREAD - Failed
[2.176s] -- Looking for pthread_create in pthreads
[2.208s] -- Looking for pthread_create in pthreads - not found
[2.208s] -- Looking for pthread_create in pthread
[2.245s] -- Looking for pthread_create in pthread - found
[2.245s] -- Found Threads: TRUE  
[2.373s] -- Found sensor_msgs: 2.2.4 (/opt/ros/galactic/share/sensor_msgs/cmake)
[2.461s] -- Found visualization_msgs: 2.2.4 (/opt/ros/galactic/share/visualization_msgs/cmake)
[2.521s] -- Found std_srvs: 2.2.4 (/opt/ros/galactic/share/std_srvs/cmake)
[2.539s] -- Found ament_lint_auto: 0.10.7 (/opt/ros/galactic/share/ament_lint_auto/cmake)
[2.660s] -- Added test 'copyright' to check source files copyright and LICENSE
[2.663s] -- Added test 'cppcheck' to perform static code analysis on C / C++ code
[2.663s] -- Configured cppcheck include dirs: /home/ohj/mecanum-ros2/src/ydlidar_ros2_driver/src
[2.663s] -- Configured cppcheck exclude dirs and/or files: 
[2.666s] -- Added test 'cpplint' to check C / C++ code against the Google style
[2.666s] -- Configured cpplint exclude dirs and/or files: 
[2.667s] -- Added test 'flake8' to check Python code syntax and style conventions
[2.669s] -- Added test 'lint_cmake' to check CMake code style
[2.671s] -- Added test 'pep257' to check Python code against some of the style conventions in PEP 257
[2.673s] -- Added test 'uncrustify' to check C / C++ code style
[2.673s] -- Configured uncrustify additional arguments: 
[2.675s] -- Added test 'xmllint' to check XML markup files
[2.678s] -- Configuring done (1.7s)
[2.690s] -- Generating done (0.0s)
[2.691s] -- Build files have been written to: /home/ohj/mecanum-ros2/build/ydlidar_ros2_driver
[2.701s] Invoked command in '/home/ohj/mecanum-ros2/build/ydlidar_ros2_driver' returned '0': CMAKE_PREFIX_PATH=${CMAKE_PREFIX_PATH}:/home/ohj/navigation2/install/nav2_simple_commander:/home/ohj/navigation2/install/nav2_gazebo_spawner:/home/ohj/mecanum-ros2/install/tomato_detection:/home/ohj/mecanum-ros2/install/teleop_keyboard:/home/ohj/mecanum-ros2/install/motor_control:/home/ohj/mecanum-ros2/install/mobile_description:/home/ohj/mecanum-ros2/install/mecanum_odometry:/home/ohj/mecanum-ros2/install/mecanum_cartographer:/home/ohj/mecanum-ros2/install/manipulator:/opt/ros/galactic /home/ohj/.local/bin/cmake /home/ohj/mecanum-ros2/src/ydlidar_ros2_driver -DCMAKE_INSTALL_PREFIX=/home/ohj/mecanum-ros2/install/ydlidar_ros2_driver
[2.704s] Invoking command in '/home/ohj/mecanum-ros2/build/ydlidar_ros2_driver': CMAKE_PREFIX_PATH=${CMAKE_PREFIX_PATH}:/home/ohj/navigation2/install/nav2_simple_commander:/home/ohj/navigation2/install/nav2_gazebo_spawner:/home/ohj/mecanum-ros2/install/tomato_detection:/home/ohj/mecanum-ros2/install/teleop_keyboard:/home/ohj/mecanum-ros2/install/motor_control:/home/ohj/mecanum-ros2/install/mobile_description:/home/ohj/mecanum-ros2/install/mecanum_odometry:/home/ohj/mecanum-ros2/install/mecanum_cartographer:/home/ohj/mecanum-ros2/install/manipulator:/opt/ros/galactic /home/ohj/.local/bin/cmake --build /home/ohj/mecanum-ros2/build/ydlidar_ros2_driver -- -j20 -l20
[2.747s] [ 25%] [32mBuilding CXX object CMakeFiles/ydlidar_ros2_driver_node.dir/src/ydlidar_ros2_driver_node.cpp.o[0m
[2.750s] [ 50%] [32mBuilding CXX object CMakeFiles/ydlidar_ros2_driver_client.dir/src/ydlidar_ros2_driver_client.cpp.o[0m
[3.690s] make[2]: *** [CMakeFiles/ydlidar_ros2_driver_node.dir/build.make:76: CMakeFiles/ydlidar_ros2_driver_node.dir/src/ydlidar_ros2_driver_node.cpp.o] Interrupt
[3.690s] make[2]: *** [CMakeFiles/ydlidar_ros2_driver_client.dir/build.make:76: CMakeFiles/ydlidar_ros2_driver_client.dir/src/ydlidar_ros2_driver_client.cpp.o] Interrupt
[3.690s] make[1]: *** [CMakeFiles/Makefile2:139: CMakeFiles/ydlidar_ros2_driver_node.dir/all] Interrupt
[3.690s] make[1]: *** [CMakeFiles/Makefile2:165: CMakeFiles/ydlidar_ros2_driver_client.dir/all] Interrupt
[3.690s] make: *** [Makefile:146: all] Interrupt
[3.694s] Traceback (most recent call last):
[3.694s]   File "/home/ohj/.local/bin/cmake", line 8, in <module>
[3.694s]     sys.exit(cmake())
[3.694s]   File "/home/ohj/.local/lib/python3.8/site-packages/cmake/__init__.py", line 43, in cmake
[3.694s]     raise SystemExit(_program('cmake', sys.argv[1:]))
[3.694s]   File "/home/ohj/.local/lib/python3.8/site-packages/cmake/__init__.py", line 39, in _program
[3.694s]     return subprocess.call([os.path.join(CMAKE_BIN_DIR, name)] + args, close_fds=False)
[3.694s]   File "/usr/lib/python3.8/subprocess.py", line 342, in call
[3.694s]     return p.wait(timeout=timeout)
[3.694s]   File "/usr/lib/python3.8/subprocess.py", line 1083, in wait
[3.694s]     return self._wait(timeout=timeout)
[3.694s]   File "/usr/lib/python3.8/subprocess.py", line 1806, in _wait
[3.694s]     (pid, sts) = self._try_wait(0)
[3.694s]   File "/usr/lib/python3.8/subprocess.py", line 1764, in _try_wait
[3.694s]     (pid, sts) = os.waitpid(self.pid, wait_flags)
[3.694s] KeyboardInterrupt
